============================= test session starts =============================
platform win32 -- Python 3.14.3, pytest-8.4.2, pluggy-1.6.0
rootdir: C:\Users\Meu Computador\OneDrive\┴rea de Trabalho\FIAP\projeto\fase_5\processing-service
plugins: anyio-4.12.1, mock-3.15.1
collected 0 items / 4 errors

=================================== ERRORS ====================================
_______________ ERROR collecting tests/test_health_endpoint.py ________________
ImportError while importing test module 'C:\Users\Meu Computador\OneDrive\┴rea de Trabalho\FIAP\projeto\fase_5\processing-service\tests\test_health_endpoint.py'.
Hint: make sure your test modules/packages have valid Python names.
Traceback:
..\..\..\..\..\..\AppData\Local\Python\pythoncore-3.14-64\Lib\importlib\__init__.py:88: in import_module
    return _bootstrap._gcd_import(name[level:], package, level)
           ^^^^^^^^^^^^^^^^^^^^^^^^^^^^^^^^^^^^^^^^^^^^^^^^^^^^
tests\test_health_endpoint.py:3: in <module>
    from app.main import app
E   ModuleNotFoundError: No module named 'app'
_________________ ERROR collecting tests/test_ocr_service.py __________________
ImportError while importing test module 'C:\Users\Meu Computador\OneDrive\┴rea de Trabalho\FIAP\projeto\fase_5\processing-service\tests\test_ocr_service.py'.
Hint: make sure your test modules/packages have valid Python names.
Traceback:
..\..\..\..\..\..\AppData\Local\Python\pythoncore-3.14-64\Lib\importlib\__init__.py:88: in import_module
    return _bootstrap._gcd_import(name[level:], package, level)
           ^^^^^^^^^^^^^^^^^^^^^^^^^^^^^^^^^^^^^^^^^^^^^^^^^^^^
tests\test_ocr_service.py:1: in <module>
    from app.services.ocr_service import process_image
E   ModuleNotFoundError: No module named 'app'
______________ ERROR collecting tests/test_sqs_poller_dedupe.py _______________
ImportError while importing test module 'C:\Users\Meu Computador\OneDrive\┴rea de Trabalho\FIAP\projeto\fase_5\processing-service\tests\test_sqs_poller_dedupe.py'.
Hint: make sure your test modules/packages have valid Python names.
Traceback:
..\..\..\..\..\..\AppData\Local\Python\pythoncore-3.14-64\Lib\importlib\__init__.py:88: in import_module
    return _bootstrap._gcd_import(name[level:], package, level)
           ^^^^^^^^^^^^^^^^^^^^^^^^^^^^^^^^^^^^^^^^^^^^^^^^^^^^
tests\test_sqs_poller_dedupe.py:1: in <module>
    from app.services import dedupe_service
E   ModuleNotFoundError: No module named 'app'
_______________ ERROR collecting tests/test_sqs_poller_flow.py ________________
ImportError while importing test module 'C:\Users\Meu Computador\OneDrive\┴rea de Trabalho\FIAP\projeto\fase_5\processing-service\tests\test_sqs_poller_flow.py'.
Hint: make sure your test modules/packages have valid Python names.
Traceback:
..\..\..\..\..\..\AppData\Local\Python\pythoncore-3.14-64\Lib\importlib\__init__.py:88: in import_module
    return _bootstrap._gcd_import(name[level:], package, level)
           ^^^^^^^^^^^^^^^^^^^^^^^^^^^^^^^^^^^^^^^^^^^^^^^^^^^^
tests\test_sqs_poller_flow.py:6: in <module>
    from app.services import sqs_poller
E   ModuleNotFoundError: No module named 'app'
=========================== short test summary info ===========================
ERROR tests/test_health_endpoint.py
ERROR tests/test_ocr_service.py
ERROR tests/test_sqs_poller_dedupe.py
ERROR tests/test_sqs_poller_flow.py
!!!!!!!!!!!!!!!!!!! Interrupted: 4 errors during collection !!!!!!!!!!!!!!!!!!!
============================== 4 errors in 0.92s ==============================
