<?xml version="1.0" encoding="UTF-8"?>
<testsuite xmlns:xsi="http://www.w3.org/2001/XMLSchema-instance" xsi:noNamespaceSchemaLocation="https://maven.apache.org/surefire/maven-surefire-plugin/xsd/surefire-test-report-3.0.xsd" version="3.0" name="com.architecture.upload.application.UploadUseCaseTest" time="2.358" tests="1" errors="0" skipped="0" failures="0">
  <properties>
[...]
</properties>
  <testcase name="shouldUploadDiagramAndInitializeWithReceivedStatus" classname="com.architecture.upload.application.UploadUseCaseTest" time="2.283">
    <system-out><![CDATA[00:15:23.038 [main] WARN com.architecture.upload.application.UploadUseCase -- Sincronização transacional não está ativa; rollback automático no S3 não poderá ser agendado para a chave diagrams/d8b86a30-e6c6-49ad-804c-f203bea374b6.png
]]></system-out>
    <system-err><![CDATA[WARNING: A Java agent has been loaded dynamically (C:\Users\Meu Computador\.m2\repository\net\bytebuddy\byte-buddy-agent\1.14.12\byte-buddy-agent-1.14.12.jar)
WARNING: If a serviceability tool is in use, please run with -XX:+EnableDynamicAgentLoading to hide this warning
WARNING: If a serviceability tool is not in use, please run with -Djdk.instrument.traceUsage for more information
WARNING: Dynamic loading of agents will be disallowed by default in a future release
]]></system-err>
  </testcase>
</testsuite>